<?xml version="1.0" encoding="UTF-8"?>
<testng-results skipped="0" failed="0" ignored="0" total="1" passed="1">
  <reporter-output>
  </reporter-output>
  <suite name="Suite" duration-ms="3854" started-at="2021-08-28T14:12:15 EDT" finished-at="2021-08-28T14:12:19 EDT">
    <groups>
      <group name="cucumber">
        <method signature="AbstractTestNGCucumberTests.runScenario(io.cucumber.testng.PickleWrapper,io.cucumber.testng.FeatureWrapper)[pri:0, instance:com.http.method.cucumber.RunnerFile@22a67b4]" name="runScenario" class="io.cucumber.testng.AbstractTestNGCucumberTests"/>
      </group> <!-- cucumber -->
    </groups>
    <test name="Test" duration-ms="3854" started-at="2021-08-28T14:12:15 EDT" finished-at="2021-08-28T14:12:19 EDT">
      <class name="com.http.method.cucumber.RunnerFile">
        <test-method status="PASS" signature="setUpClass()[pri:0, instance:com.http.method.cucumber.RunnerFile@22a67b4]" name="setUpClass" is-config="true" duration-ms="378" started-at="2021-08-28T14:12:15 EDT" finished-at="2021-08-28T14:12:16 EDT">
          <reporter-output>
          </reporter-output>
        </test-method> <!-- setUpClass -->
        <test-method status="PASS" signature="runScenario(io.cucumber.testng.PickleWrapper,io.cucumber.testng.FeatureWrapper)[pri:0, instance:com.http.method.cucumber.RunnerFile@22a67b4]" name="runScenario" duration-ms="1979" started-at="2021-08-28T14:12:16 EDT" description="Runs Cucumber Scenarios" data-provider="scenarios" finished-at="2021-08-28T14:12:18 EDT">
          <params>
            <param index="0">
              <value>
                <![CDATA["As an API user, I want to test Get method."]]>
              </value>
            </param>
            <param index="1">
              <value>
                <![CDATA["Optional[API Get method testing]"]]>
              </value>
            </param>
          </params>
          <reporter-output>
          </reporter-output>
        </test-method> <!-- runScenario -->
        <test-method status="PASS" signature="tearDownClass()[pri:0, instance:com.http.method.cucumber.RunnerFile@22a67b4]" name="tearDownClass" is-config="true" duration-ms="1471" started-at="2021-08-28T14:12:18 EDT" finished-at="2021-08-28T14:12:19 EDT">
          <reporter-output>
          </reporter-output>
        </test-method> <!-- tearDownClass -->
      </class> <!-- com.http.method.cucumber.RunnerFile -->
    </test> <!-- Test -->
  </suite> <!-- Suite -->
</testng-results>
