<?xml version="1.0" encoding="UTF-8"?>
<testng-results ignored="0" total="1" passed="1" failed="0" skipped="0">
  <reporter-output>
  </reporter-output>
  <suite started-at="2021-08-28T14:11:13 EDT" name="Suite" finished-at="2021-08-28T14:11:16 EDT" duration-ms="3349">
    <groups>
      <group name="cucumber">
        <method signature="AbstractTestNGCucumberTests.runScenario(io.cucumber.testng.PickleWrapper,io.cucumber.testng.FeatureWrapper)[pri:0, instance:com.http.method.cucumber.RunnerFile@6d4e5011]" name="runScenario" class="io.cucumber.testng.AbstractTestNGCucumberTests"/>
      </group> <!-- cucumber -->
    </groups>
    <test started-at="2021-08-28T14:11:13 EDT" name="Test" finished-at="2021-08-28T14:11:16 EDT" duration-ms="3349">
      <class name="com.http.method.cucumber.RunnerFile">
        <test-method is-config="true" signature="setUpClass()[pri:0, instance:com.http.method.cucumber.RunnerFile@6d4e5011]" started-at="2021-08-28T14:11:13 EDT" name="setUpClass" finished-at="2021-08-28T14:11:13 EDT" duration-ms="311" status="PASS">
          <reporter-output>
          </reporter-output>
        </test-method> <!-- setUpClass -->
        <test-method signature="runScenario(io.cucumber.testng.PickleWrapper,io.cucumber.testng.FeatureWrapper)[pri:0, instance:com.http.method.cucumber.RunnerFile@6d4e5011]" started-at="2021-08-28T14:11:13 EDT" name="runScenario" description="Runs Cucumber Scenarios" data-provider="scenarios" finished-at="2021-08-28T14:11:15 EDT" duration-ms="1704" status="PASS">
          <params>
            <param index="0">
              <value>
                <![CDATA["As an API user, I want to test Get method."]]>
              </value>
            </param>
            <param index="1">
              <value>
                <![CDATA["Optional[API Get method testing]"]]>
              </value>
            </param>
          </params>
          <reporter-output>
          </reporter-output>
        </test-method> <!-- runScenario -->
        <test-method is-config="true" signature="tearDownClass()[pri:0, instance:com.http.method.cucumber.RunnerFile@6d4e5011]" started-at="2021-08-28T14:11:15 EDT" name="tearDownClass" finished-at="2021-08-28T14:11:16 EDT" duration-ms="1299" status="PASS">
          <reporter-output>
          </reporter-output>
        </test-method> <!-- tearDownClass -->
      </class> <!-- com.http.method.cucumber.RunnerFile -->
    </test> <!-- Test -->
  </suite> <!-- Suite -->
</testng-results>
